<?xml version="1.0" encoding="UTF-8"?>
<testsuite name="PopulationSearchTest" tests="1" skipped="0" failures="0" errors="0" timestamp="2022-07-21T16:39:54" hostname="LAPTOP-3NBRC8G7" time="0.015">
  <properties/>
  <testcase name="findPopulation()" classname="PopulationSearchTest" time="0.015"/>
  <system-out><![CDATA[]]></system-out>
  <system-err><![CDATA[]]></system-err>
</testsuite>
